==============================================================================
Tests
==============================================================================
Tests.Api
==============================================================================
Tests.Api.TC API 01
==============================================================================
TC_API_01 Verify Accounts :: Verify accounts API                      [{'id': 13344, 'customerId': 12212, 'type': 'CHECKING', 'balance': 3522.93}, {'id': 13455, 'customerId': 12212, 'type': 'CHECKING', 'balance': 100.0}, {'id': 13566, 'customerId': 12212, 'type': 'CHECKING', 'balance': 90.0}, {'id': 13677, 'customerId': 12212, 'type': 'SAVINGS', 'balance': 110.0}, {'id': 13788, 'customerId': 12212, 'type': 'SAVINGS', 'balance': 100.0}, {'id': 13899, 'customerId': 12212, 'type': 'CHECKING', 'balance': 100.0}, {'id': 14010, 'customerId': 12212, 'type': 'CHECKING', 'balance': 100.0}, {'id': 14121, 'customerId': 12212, 'type': 'CHECKING', 'balance': 100.0}, {'id': 14343, 'customerId': 12212, 'type': 'CHECKING', 'balance': 100.0}, {'id': 14454, 'customerId': 12212, 'type': 'SAVINGS', 'balance': 100.0}, {'id': 14565, 'customerId': 12212, 'type': 'SAVINGS', 'balance': 100.0}, {'id': 14676, 'customerId': 12212, 'type': 'CHECKING', 'balance': 100.0}, {'id': 15009, 'customerId': 12212, 'type': 'SAVINGS', 'balance': 100.0}, {'id': 15231, 'customerId': 12212, 'type': 'SAVINGS', 'balance': 100.0}, {'id': 15342, 'customerId': 12212, 'type': 'SAVINGS', 'balance': 100.0}, {'id': 16008, 'customerId': 12212, 'type': 'CHECKING', 'balance': 100.0}]
200
API_BASE_URL=https://parabank.parasoft.com/parabank/services/bank
| PASS |
------------------------------------------------------------------------------
Tests.Api.TC API 01                                                   | PASS |
1 test, 1 passed, 0 failed
==============================================================================
Tests.Api                                                             | PASS |
1 test, 1 passed, 0 failed
==============================================================================
Tests                                                                 | PASS |
1 test, 1 passed, 0 failed
==============================================================================
Output:  C:\Users\hp5cd\OneDrive\Desktop\SPRINT-CAPGE\reports\pabot_results\0\output.xml
