2026-06-22 19:44:42.615797 ==============================================================================
2026-06-22 19:44:42.633825 Tests
2026-06-22 19:44:42.633868 ==============================================================================
2026-06-22 19:44:42.633898 Tests.Api
2026-06-22 19:44:42.635171 ==============================================================================
2026-06-22 19:44:43.380785 Tests.Api.TC API 01
2026-06-22 19:44:43.418563 ==============================================================================
2026-06-22 19:44:44.720061 TC_API_01 Verify Accounts :: Verify accounts API                      [{'id': 13344, 'customerId': 12212, 'type': 'CHECKING', 'balance': 3522.93}, {'id': 13455, 'customerId': 12212, 'type': 'CHECKING', 'balance': 100.0}, {'id': 13566, 'customerId': 12212, 'type': 'CHECKING', 'balance': 90.0}, {'id': 13677, 'customerId': 12212, 'type': 'SAVINGS', 'balance': 110.0}, {'id': 13788, 'customerId': 12212, 'type': 'SAVINGS', 'balance': 100.0}, {'id': 13899, 'customerId': 12212, 'type': 'CHECKING', 'balance': 100.0}, {'id': 14010, 'customerId': 12212, 'type': 'CHECKING', 'balance': 100.0}, {'id': 14121, 'customerId': 12212, 'type': 'CHECKING', 'balance': 100.0}, {'id': 14343, 'customerId': 12212, 'type': 'CHECKING', 'balance': 100.0}, {'id': 14454, 'customerId': 12212, 'type': 'SAVINGS', 'balance': 100.0}, {'id': 14565, 'customerId': 12212, 'type': 'SAVINGS', 'balance': 100.0}, {'id': 14676, 'customerId': 12212, 'type': 'CHECKING', 'balance': 100.0}, {'id': 15009, 'customerId': 12212, 'type': 'SAVINGS', 'balance': 100.0}, {'id': 15231, 'customerId': 12212, 'type': 'SAVINGS', 'balance': 100.0}, {'id': 15342, 'customerId': 12212, 'type': 'SAVINGS', 'balance': 100.0}, {'id': 16008, 'customerId': 12212, 'type': 'CHECKING', 'balance': 100.0}]
2026-06-22 19:44:44.720061 C:\Users\hp5cd\AppData\Local\Programs\Python\Python313\Lib\site-packages\urllib3\connectionpool.py:1097: InsecureRequestWarning: Unverified HTTPS request is being made to host 'parabank.parasoft.com'. Adding certificate verification is strongly advised. See: https://urllib3.readthedocs.io/en/latest/advanced-usage.html#tls-warnings
2026-06-22 19:44:44.754204 200
2026-06-22 19:44:44.754204   warnings.warn(
2026-06-22 19:44:44.754849 API_BASE_URL=https://parabank.parasoft.com/parabank/services/bank
2026-06-22 19:44:44.755310 | PASS |
2026-06-22 19:44:44.755967 ------------------------------------------------------------------------------
2026-06-22 19:44:44.755983 Tests.Api.TC API 01                                                   | PASS |
2026-06-22 19:44:44.758400 1 test, 1 passed, 0 failed
2026-06-22 19:44:44.758430 ==============================================================================
2026-06-22 19:44:44.758447 Tests.Api                                                             | PASS |
2026-06-22 19:44:44.759044 1 test, 1 passed, 0 failed
2026-06-22 19:44:44.759116 ==============================================================================
2026-06-22 19:44:44.759137 Tests                                                                 | PASS |
2026-06-22 19:44:44.759510 1 test, 1 passed, 0 failed
2026-06-22 19:44:44.759538 ==============================================================================
2026-06-22 19:44:44.759553 Output:  C:\Users\hp5cd\OneDrive\Desktop\SPRINT-CAPGE\reports\pabot_results\0\output.xml
