==============================================================================
Tests
==============================================================================
Tests.Ui
==============================================================================
Tests.Ui.TC NEG TF UI-03
==============================================================================
TC_NEG_TF_UI-04 :: Verify UI Validation for Alphabetic Characters ... Account ID = 22779
Account ID = 23112
Alphabetic characters in transfer amount is Not Possible
| PASS |
------------------------------------------------------------------------------
Tests.Ui.TC NEG TF UI-03                                              | PASS |
1 test, 1 passed, 0 failed
==============================================================================
Tests.Ui                                                              | PASS |
1 test, 1 passed, 0 failed
==============================================================================
Tests                                                                 | PASS |
1 test, 1 passed, 0 failed
==============================================================================
Output:  C:\Users\hp5cd\OneDrive\Desktop\SPRINT-CAPGE\reports\pabot_results\13\output.xml
