2026-06-22 19:45:25.100456 ==============================================================================
2026-06-22 19:45:25.137534 Tests
2026-06-22 19:45:25.137581 ==============================================================================
2026-06-22 19:45:25.137621 Tests.Ui
2026-06-22 19:45:25.138967 ==============================================================================
2026-06-22 19:45:25.754843 Tests.Ui.TC NEG TF UI-03
2026-06-22 19:45:25.780871 ==============================================================================
2026-06-22 19:45:34.159623 TC_NEG_TF_UI-03 :: Verify UI Validation for Blank Amount in Transf... Account ID = 17784
2026-06-22 19:45:36.794073 Account ID = 18006
2026-06-22 19:45:41.046829 | PASS |
2026-06-22 19:45:41.081989 ------------------------------------------------------------------------------
2026-06-22 19:45:41.082030 Tests.Ui.TC NEG TF UI-03                                              | PASS |
2026-06-22 19:45:41.087772 1 test, 1 passed, 0 failed
2026-06-22 19:45:41.087807 ==============================================================================
2026-06-22 19:45:41.087829 Tests.Ui                                                              | PASS |
2026-06-22 19:45:41.088310 1 test, 1 passed, 0 failed
2026-06-22 19:45:41.088395 ==============================================================================
2026-06-22 19:45:41.088413 Tests                                                                 | PASS |
2026-06-22 19:45:41.088823 1 test, 1 passed, 0 failed
2026-06-22 19:45:41.088849 ==============================================================================
2026-06-22 19:45:41.088860 Output:  C:\Users\hp5cd\OneDrive\Desktop\SPRINT-CAPGE\reports\pabot_results\13\output.xml
