==============================================================================
Tests
==============================================================================
Tests.Api
==============================================================================
Tests.Api.TC API 05
==============================================================================
TC_API_05 Validate Source Account Balance After Transfer :: Valida... SOURCE=16008
DEST=16119
BEFORE=100.0
200
Successfully transferred $10 from account #16008 to account #16119
AFTER=90.0
EXPECTED=90.0
| PASS |
------------------------------------------------------------------------------
Tests.Api.TC API 05                                                   | PASS |
1 test, 1 passed, 0 failed
==============================================================================
Tests.Api                                                             | PASS |
1 test, 1 passed, 0 failed
==============================================================================
Tests                                                                 | PASS |
1 test, 1 passed, 0 failed
==============================================================================
Output:  C:\Users\hp5cd\OneDrive\Desktop\SPRINT-CAPGE\reports\pabot_results\4\output.xml
