2026-06-23 15:27:42.048955 ==============================================================================
2026-06-23 15:27:42.057047 Tests
2026-06-23 15:27:42.057087 ==============================================================================
2026-06-23 15:27:42.057156 Tests.Api
2026-06-23 15:27:42.058879 ==============================================================================
2026-06-23 15:27:43.300930 Tests.Api.TC NEG API 01
2026-06-23 15:27:43.329484 ==============================================================================
2026-06-23 15:27:48.457860 TC_NEG_API_06 Invalid Account ID via API :: Call GET /accounts/000... Response status: 400
2026-06-23 15:27:48.457860 C:\Users\hp5cd\AppData\Local\Programs\Python\Python313\Lib\site-packages\urllib3\connectionpool.py:1097: InsecureRequestWarning: Unverified HTTPS request is being made to host 'parabank.parasoft.com'. Adding certificate verification is strongly advised. See: https://urllib3.readthedocs.io/en/latest/advanced-usage.html#tls-warnings
2026-06-23 15:27:48.505973 | PASS |
2026-06-23 15:27:48.505973   warnings.warn(
2026-06-23 15:27:48.506054 ------------------------------------------------------------------------------
2026-06-23 15:27:48.506097 Tests.Api.TC NEG API 01                                               | PASS |
2026-06-23 15:27:48.506346 1 test, 1 passed, 0 failed
2026-06-23 15:27:48.506379 ==============================================================================
2026-06-23 15:27:48.506404 Tests.Api                                                             | PASS |
2026-06-23 15:27:48.506704 1 test, 1 passed, 0 failed
2026-06-23 15:27:48.506724 ==============================================================================
2026-06-23 15:27:48.506740 Tests                                                                 | PASS |
2026-06-23 15:27:48.507262 1 test, 1 passed, 0 failed
2026-06-23 15:27:48.507282 ==============================================================================
2026-06-23 15:27:48.507299 Output:  C:\Users\hp5cd\OneDrive\Desktop\SPRINT-CAPGE\reports\pabot_results\4\output.xml
