==============================================================================
Tests
==============================================================================
Tests.Api
==============================================================================
Tests.Api.TC API 04
==============================================================================
TC_API_04 Capture Pre-Transfer Balances :: capture current balance... 100.0
100.0
| PASS |
------------------------------------------------------------------------------
Tests.Api.TC API 04                                                   | PASS |
1 test, 1 passed, 0 failed
==============================================================================
Tests.Api                                                             | PASS |
1 test, 1 passed, 0 failed
==============================================================================
Tests                                                                 | PASS |
1 test, 1 passed, 0 failed
==============================================================================
Output:  C:\Users\hp5cd\OneDrive\Desktop\SPRINT-CAPGE\reports\pabot_results\3\output.xml
