2026-06-23 15:27:42.049708 ==============================================================================
2026-06-23 15:27:42.056301 Tests
2026-06-23 15:27:42.056349 ==============================================================================
2026-06-23 15:27:42.056387 Tests.Api
2026-06-23 15:27:42.058541 ==============================================================================
2026-06-23 15:27:43.301005 Tests.Api.TC API 04
2026-06-23 15:27:43.329955 ==============================================================================
2026-06-23 15:27:46.018848 C:\Users\hp5cd\AppData\Local\Programs\Python\Python313\Lib\site-packages\urllib3\connectionpool.py:1097: InsecureRequestWarning: Unverified HTTPS request is being made to host 'parabank.parasoft.com'. Adding certificate verification is strongly advised. See: https://urllib3.readthedocs.io/en/latest/advanced-usage.html#tls-warnings
2026-06-23 15:27:46.080808   warnings.warn(
2026-06-23 15:27:46.329714 C:\Users\hp5cd\AppData\Local\Programs\Python\Python313\Lib\site-packages\urllib3\connectionpool.py:1097: InsecureRequestWarning: Unverified HTTPS request is being made to host 'parabank.parasoft.com'. Adding certificate verification is strongly advised. See: https://urllib3.readthedocs.io/en/latest/advanced-usage.html#tls-warnings
2026-06-23 15:27:46.393378   warnings.warn(
2026-06-23 15:27:46.890196 C:\Users\hp5cd\AppData\Local\Programs\Python\Python313\Lib\site-packages\urllib3\connectionpool.py:1097: InsecureRequestWarning: Unverified HTTPS request is being made to host 'parabank.parasoft.com'. Adding certificate verification is strongly advised. See: https://urllib3.readthedocs.io/en/latest/advanced-usage.html#tls-warnings
2026-06-23 15:27:46.952946   warnings.warn(
2026-06-23 15:27:47.983820 TC_API_04 Capture Pre-Transfer Balances :: capture current balance... 20781
2026-06-23 15:27:47.983820 C:\Users\hp5cd\AppData\Local\Programs\Python\Python313\Lib\site-packages\urllib3\connectionpool.py:1097: InsecureRequestWarning: Unverified HTTPS request is being made to host 'parabank.parasoft.com'. Adding certificate verification is strongly advised. See: https://urllib3.readthedocs.io/en/latest/advanced-usage.html#tls-warnings
2026-06-23 15:27:48.004130 100.0
2026-06-23 15:27:48.004130   warnings.warn(
2026-06-23 15:27:48.004188 | PASS |
2026-06-23 15:27:48.004221 ------------------------------------------------------------------------------
2026-06-23 15:27:48.004250 Tests.Api.TC API 04                                                   | PASS |
2026-06-23 15:27:48.010260 1 test, 1 passed, 0 failed
2026-06-23 15:27:48.010646 ==============================================================================
2026-06-23 15:27:48.011116 Tests.Api                                                             | PASS |
2026-06-23 15:27:48.011255 1 test, 1 passed, 0 failed
2026-06-23 15:27:48.011292 ==============================================================================
2026-06-23 15:27:48.011317 Tests                                                                 | PASS |
2026-06-23 15:27:48.011859 1 test, 1 passed, 0 failed
2026-06-23 15:27:48.011890 ==============================================================================
2026-06-23 15:27:48.011906 Output:  C:\Users\hp5cd\OneDrive\Desktop\SPRINT-CAPGE\reports\pabot_results\3\output.xml
