2026-06-22 19:44:49.135120 ==============================================================================
2026-06-22 19:44:49.168930 Tests
2026-06-22 19:44:49.168992 ==============================================================================
2026-06-22 19:44:49.169030 Tests.E2E
2026-06-22 19:44:49.172398 ==============================================================================
2026-06-22 19:44:50.101204 Tests.E2E.TC E2E 03
2026-06-22 19:44:50.102412 ==============================================================================
2026-06-22 19:45:08.847162 TC_E2E_03 Transfer Funds via UI and Verify Balances via API :: End... Current URL: https://parabank.parasoft.com/parabank/index.htm
2026-06-22 19:45:19.145904 User registered successfully: Harsh568500
2026-06-22 19:45:22.630304 Account ID = 17340
2026-06-22 19:45:25.286798 Account ID = 17673
2026-06-22 19:45:27.937078 C:\Users\hp5cd\AppData\Local\Programs\Python\Python313\Lib\site-packages\urllib3\connectionpool.py:1097: InsecureRequestWarning: Unverified HTTPS request is being made to host 'parabank.parasoft.com'. Adding certificate verification is strongly advised. See: https://urllib3.readthedocs.io/en/latest/advanced-usage.html#tls-warnings
2026-06-22 19:45:27.999528   warnings.warn(
2026-06-22 19:45:30.746845 Expected = 90.0
2026-06-22 19:45:31.118893 C:\Users\hp5cd\AppData\Local\Programs\Python\Python313\Lib\site-packages\urllib3\connectionpool.py:1097: InsecureRequestWarning: Unverified HTTPS request is being made to host 'parabank.parasoft.com'. Adding certificate verification is strongly advised. See: https://urllib3.readthedocs.io/en/latest/advanced-usage.html#tls-warnings
2026-06-22 19:45:31.180941   warnings.warn(
2026-06-22 19:45:33.375123 | PASS |
2026-06-22 19:45:33.396647 ------------------------------------------------------------------------------
2026-06-22 19:45:33.396688 Tests.E2E.TC E2E 03                                                   | PASS |
2026-06-22 19:45:33.409711 1 test, 1 passed, 0 failed
2026-06-22 19:45:33.409746 ==============================================================================
2026-06-22 19:45:33.409778 Tests.E2E                                                             | PASS |
2026-06-22 19:45:33.410830 1 test, 1 passed, 0 failed
2026-06-22 19:45:33.410859 ==============================================================================
2026-06-22 19:45:33.410876 Tests                                                                 | PASS |
2026-06-22 19:45:33.411426 1 test, 1 passed, 0 failed
2026-06-22 19:45:33.411483 ==============================================================================
2026-06-22 19:45:33.411519 Output:  C:\Users\hp5cd\OneDrive\Desktop\SPRINT-CAPGE\reports\pabot_results\9\output.xml
