==============================================================================
Tests
==============================================================================
Tests.E2E
==============================================================================
Tests.E2E.TC E2E 03
==============================================================================
TC_E2E_03 Transfer Funds via UI and Verify Balances via API :: End... Current URL: https://parabank.parasoft.com/parabank/index.htm
User registered successfully: Harsh568500
Account ID = 17340
Account ID = 17673
Expected = 90.0
| PASS |
------------------------------------------------------------------------------
Tests.E2E.TC E2E 03                                                   | PASS |
1 test, 1 passed, 0 failed
==============================================================================
Tests.E2E                                                             | PASS |
1 test, 1 passed, 0 failed
==============================================================================
Tests                                                                 | PASS |
1 test, 1 passed, 0 failed
==============================================================================
Output:  C:\Users\hp5cd\OneDrive\Desktop\SPRINT-CAPGE\reports\pabot_results\9\output.xml
