==============================================================================
Tests
==============================================================================
Tests.E2E
==============================================================================
Tests.E2E.TC E2E 04
==============================================================================
TC_E2E_04 Create New Account and Transfer Funds to It :: End-to-En... Current URL: https://parabank.parasoft.com/parabank/index.htm
User registered successfully: Harsh283991
Account ID = 16785
Account ID = 17229
| PASS |
------------------------------------------------------------------------------
Tests.E2E.TC E2E 04                                                   | PASS |
1 test, 1 passed, 0 failed
==============================================================================
Tests.E2E                                                             | PASS |
1 test, 1 passed, 0 failed
==============================================================================
Tests                                                                 | PASS |
1 test, 1 passed, 0 failed
==============================================================================
Output:  C:\Users\hp5cd\OneDrive\Desktop\SPRINT-CAPGE\reports\pabot_results\10\output.xml
