2026-06-22 19:44:49.321923 ==============================================================================
2026-06-22 19:44:49.333241 Tests
2026-06-22 19:44:49.333288 ==============================================================================
2026-06-22 19:44:49.333333 Tests.E2E
2026-06-22 19:44:49.336112 ==============================================================================
2026-06-22 19:44:50.211508 Tests.E2E.TC E2E 04
2026-06-22 19:44:50.236778 ==============================================================================
2026-06-22 19:45:06.714702 TC_E2E_04 Create New Account and Transfer Funds to It :: End-to-En... Current URL: https://parabank.parasoft.com/parabank/index.htm
2026-06-22 19:45:09.235779 User registered successfully: Harsh283991
2026-06-22 19:45:12.115157 Account ID = 16785
2026-06-22 19:45:21.679064 Account ID = 17229
2026-06-22 19:45:23.756742 C:\Users\hp5cd\AppData\Local\Programs\Python\Python313\Lib\site-packages\urllib3\connectionpool.py:1097: InsecureRequestWarning: Unverified HTTPS request is being made to host 'parabank.parasoft.com'. Adding certificate verification is strongly advised. See: https://urllib3.readthedocs.io/en/latest/advanced-usage.html#tls-warnings
2026-06-22 19:45:23.818200   warnings.warn(
2026-06-22 19:45:29.742035 C:\Users\hp5cd\AppData\Local\Programs\Python\Python313\Lib\site-packages\urllib3\connectionpool.py:1097: InsecureRequestWarning: Unverified HTTPS request is being made to host 'parabank.parasoft.com'. Adding certificate verification is strongly advised. See: https://urllib3.readthedocs.io/en/latest/advanced-usage.html#tls-warnings
2026-06-22 19:45:29.804709   warnings.warn(
2026-06-22 19:45:31.925330 | PASS |
2026-06-22 19:45:31.959677 ------------------------------------------------------------------------------
2026-06-22 19:45:31.959825 Tests.E2E.TC E2E 04                                                   | PASS |
2026-06-22 19:45:31.968643 1 test, 1 passed, 0 failed
2026-06-22 19:45:31.968661 ==============================================================================
2026-06-22 19:45:31.968673 Tests.E2E                                                             | PASS |
2026-06-22 19:45:31.969573 1 test, 1 passed, 0 failed
2026-06-22 19:45:31.969650 ==============================================================================
2026-06-22 19:45:31.969671 Tests                                                                 | PASS |
2026-06-22 19:45:31.970192 1 test, 1 passed, 0 failed
2026-06-22 19:45:31.970282 ==============================================================================
2026-06-22 19:45:31.970300 Output:  C:\Users\hp5cd\OneDrive\Desktop\SPRINT-CAPGE\reports\pabot_results\10\output.xml
