2026-06-22 19:45:49.282022 ==============================================================================
2026-06-22 19:45:49.292999 Tests
2026-06-22 19:45:49.293057 ==============================================================================
2026-06-22 19:45:49.293099 Tests.Ui
2026-06-22 19:45:49.294795 ==============================================================================
2026-06-22 19:45:50.046508 Tests.Ui.TC-REG-UI-01
2026-06-22 19:45:50.082703 ==============================================================================
2026-06-22 19:45:54.170251 TC-REG-01 Register User with Valid Details :: Test user registrati... Current URL: https://parabank.parasoft.com/parabank/index.htm;jsessionid=EBFCC209497360DAD2C833EE48C9A3F3
2026-06-22 19:45:57.066784 User registered successfully: Harsh509069
2026-06-22 19:45:57.121890 Successfully Registered User with Valid Details
2026-06-22 19:45:59.266012 | PASS |
2026-06-22 19:45:59.284293 ------------------------------------------------------------------------------
2026-06-22 19:45:59.284324 Tests.Ui.TC-REG-UI-01                                                 | PASS |
2026-06-22 19:45:59.288326 1 test, 1 passed, 0 failed
2026-06-22 19:45:59.288347 ==============================================================================
2026-06-22 19:45:59.288361 Tests.Ui                                                              | PASS |
2026-06-22 19:45:59.288960 1 test, 1 passed, 0 failed
2026-06-22 19:45:59.289010 ==============================================================================
2026-06-22 19:45:59.289035 Tests                                                                 | PASS |
2026-06-22 19:45:59.289365 1 test, 1 passed, 0 failed
2026-06-22 19:45:59.289407 ==============================================================================
2026-06-22 19:45:59.289461 Output:  C:\Users\hp5cd\OneDrive\Desktop\SPRINT-CAPGE\reports\pabot_results\21\output.xml
