==============================================================================
Tests
==============================================================================
Tests.Ui
==============================================================================
Tests.Ui.TC-TF-UI-01
==============================================================================
TC-TF-01 :: Transfer Funds Between Two Accounts                       Account ID = 14121
Account ID = 14232
| PASS |
------------------------------------------------------------------------------
Tests.Ui.TC-TF-UI-01                                                  | PASS |
1 test, 1 passed, 0 failed
==============================================================================
Tests.Ui                                                              | PASS |
1 test, 1 passed, 0 failed
==============================================================================
Tests                                                                 | PASS |
1 test, 1 passed, 0 failed
==============================================================================
Output:  C:\Users\hp5cd\OneDrive\Desktop\SPRINT-CAPGE\reports\pabot_results\21\output.xml
