==============================================================================
Tests
==============================================================================
Tests.Ui
==============================================================================
Tests.Ui.TC NEG TF UI-04
==============================================================================
TC_NEG_TF_UI-04 :: Verify UI Validation for Alphabetic Characters ... Account ID = 17895
Account ID = 18117
| PASS |
------------------------------------------------------------------------------
Tests.Ui.TC NEG TF UI-04                                              | PASS |
1 test, 1 passed, 0 failed
==============================================================================
Tests.Ui                                                              | PASS |
1 test, 1 passed, 0 failed
==============================================================================
Tests                                                                 | PASS |
1 test, 1 passed, 0 failed
==============================================================================
Output:  C:\Users\hp5cd\OneDrive\Desktop\SPRINT-CAPGE\reports\pabot_results\14\output.xml
