2026-06-22 19:45:25.955878 ==============================================================================
2026-06-22 19:45:25.993977 Tests
2026-06-22 19:45:25.994032 ==============================================================================
2026-06-22 19:45:25.994075 Tests.Ui
2026-06-22 19:45:25.994486 ==============================================================================
2026-06-22 19:45:26.986853 Tests.Ui.TC NEG TF UI-04
2026-06-22 19:45:26.993795 ==============================================================================
2026-06-22 19:45:35.159423 TC_NEG_TF_UI-04 :: Verify UI Validation for Alphabetic Characters ... Account ID = 17895
2026-06-22 19:45:37.992539 Account ID = 18117
2026-06-22 19:45:42.151229 | PASS |
2026-06-22 19:45:42.200132 ------------------------------------------------------------------------------
2026-06-22 19:45:42.200199 Tests.Ui.TC NEG TF UI-04                                              | PASS |
2026-06-22 19:45:42.207596 1 test, 1 passed, 0 failed
2026-06-22 19:45:42.207636 ==============================================================================
2026-06-22 19:45:42.207664 Tests.Ui                                                              | PASS |
2026-06-22 19:45:42.208063 1 test, 1 passed, 0 failed
2026-06-22 19:45:42.208101 ==============================================================================
2026-06-22 19:45:42.208118 Tests                                                                 | PASS |
2026-06-22 19:45:42.208618 1 test, 1 passed, 0 failed
2026-06-22 19:45:42.208691 ==============================================================================
2026-06-22 19:45:42.208709 Output:  C:\Users\hp5cd\OneDrive\Desktop\SPRINT-CAPGE\reports\pabot_results\14\output.xml
