==============================================================================
Tests
==============================================================================
Tests.E2E
==============================================================================
Tests.E2E.TC E2E 01
==============================================================================
TC_E2E_01 Create Savings Account and Verify details via API :: End... Current URL: https://parabank.parasoft.com/parabank/index.htm
User registered successfully: Harsh006070
Account ID = 23334
| PASS |
------------------------------------------------------------------------------
Tests.E2E.TC E2E 01                                                   | PASS |
1 test, 1 passed, 0 failed
==============================================================================
Tests.E2E                                                             | PASS |
1 test, 1 passed, 0 failed
==============================================================================
Tests                                                                 | PASS |
1 test, 1 passed, 0 failed
==============================================================================
Output:  C:\Users\hp5cd\OneDrive\Desktop\SPRINT-CAPGE\reports\pabot_results\7\output.xml
