2026-06-22 19:44:46.034362 ==============================================================================
2026-06-22 19:44:46.084056 Tests
2026-06-22 19:44:46.084090 ==============================================================================
2026-06-22 19:44:46.084112 Tests.E2E
2026-06-22 19:44:46.085343 ==============================================================================
2026-06-22 19:44:46.646943 Tests.E2E.TC E2E 01
2026-06-22 19:44:46.657725 ==============================================================================
2026-06-22 19:45:07.101364 TC_E2E_01 Create Savings Account and Verify details via API :: End... Current URL: https://parabank.parasoft.com/parabank/index.htm
2026-06-22 19:45:11.618263 User registered successfully: Harsh035325
2026-06-22 19:45:22.007705 Account ID = 17451
2026-06-22 19:45:22.848564 C:\Users\hp5cd\AppData\Local\Programs\Python\Python313\Lib\site-packages\urllib3\connectionpool.py:1097: InsecureRequestWarning: Unverified HTTPS request is being made to host 'parabank.parasoft.com'. Adding certificate verification is strongly advised. See: https://urllib3.readthedocs.io/en/latest/advanced-usage.html#tls-warnings
2026-06-22 19:45:22.912220   warnings.warn(
2026-06-22 19:45:25.037381 | PASS |
2026-06-22 19:45:25.081267 ------------------------------------------------------------------------------
2026-06-22 19:45:25.081440 Tests.E2E.TC E2E 01                                                   | PASS |
2026-06-22 19:45:25.089866 1 test, 1 passed, 0 failed
2026-06-22 19:45:25.089887 ==============================================================================
2026-06-22 19:45:25.089904 Tests.E2E                                                             | PASS |
2026-06-22 19:45:25.090641 1 test, 1 passed, 0 failed
2026-06-22 19:45:25.090708 ==============================================================================
2026-06-22 19:45:25.090722 Tests                                                                 | PASS |
2026-06-22 19:45:25.091169 1 test, 1 passed, 0 failed
2026-06-22 19:45:25.091234 ==============================================================================
2026-06-22 19:45:25.091255 Output:  C:\Users\hp5cd\OneDrive\Desktop\SPRINT-CAPGE\reports\pabot_results\7\output.xml
