2026-06-23 15:29:52.049566 ==============================================================================
2026-06-23 15:29:52.067896 Tests
2026-06-23 15:29:52.067960 ==============================================================================
2026-06-23 15:29:52.068031 Tests.Ui
2026-06-23 15:29:52.072015 ==============================================================================
2026-06-23 15:29:53.729362 Tests.Ui.TC-AC-UI-03
2026-06-23 15:29:53.754315 ==============================================================================
2026-06-23 15:30:09.411722 TC-AC-UI-03 :: Create Multiple Accounts for Same User                 Saving account created successfully
2026-06-23 15:30:10.157583 Open_Account
2026-06-23 15:30:13.406551 Checking Account Opened Successfully
2026-06-23 15:30:16.519425 | PASS |
2026-06-23 15:30:16.552306 ------------------------------------------------------------------------------
2026-06-23 15:30:16.553095 Tests.Ui.TC-AC-UI-03                                                  | PASS |
2026-06-23 15:30:16.554874 1 test, 1 passed, 0 failed
2026-06-23 15:30:16.554934 ==============================================================================
2026-06-23 15:30:16.554955 Tests.Ui                                                              | PASS |
2026-06-23 15:30:16.555781 1 test, 1 passed, 0 failed
2026-06-23 15:30:16.555856 ==============================================================================
2026-06-23 15:30:16.555883 Tests                                                                 | PASS |
2026-06-23 15:30:16.556456 1 test, 1 passed, 0 failed
2026-06-23 15:30:16.556541 ==============================================================================
2026-06-23 15:30:16.556560 Output:  C:\Users\hp5cd\OneDrive\Desktop\SPRINT-CAPGE\reports\pabot_results\18\output.xml
