2026-06-23 15:29:28.705316 ==============================================================================
2026-06-23 15:29:28.763672 Tests
2026-06-23 15:29:28.763708 ==============================================================================
2026-06-23 15:29:28.763730 Tests.Ui
2026-06-23 15:29:28.764790 ==============================================================================
2026-06-23 15:29:29.438503 Tests.Ui.TC-AC-UI-01
2026-06-23 15:29:29.494694 ==============================================================================
2026-06-23 15:29:51.000908 TC-AC-UI-01 Create New Account with Valid Data :: Create New Accou... Open_Account
2026-06-23 15:29:53.592102 Account Opened Successfully
2026-06-23 15:29:56.014762 | PASS |
2026-06-23 15:29:56.048472 ------------------------------------------------------------------------------
2026-06-23 15:29:56.048549 Tests.Ui.TC-AC-UI-01                                                  | PASS |
2026-06-23 15:29:56.050884 1 test, 1 passed, 0 failed
2026-06-23 15:29:56.050917 ==============================================================================
2026-06-23 15:29:56.050935 Tests.Ui                                                              | PASS |
2026-06-23 15:29:56.050951 1 test, 1 passed, 0 failed
2026-06-23 15:29:56.050965 ==============================================================================
2026-06-23 15:29:56.050981 Tests                                                                 | PASS |
2026-06-23 15:29:56.051229 1 test, 1 passed, 0 failed
2026-06-23 15:29:56.051300 ==============================================================================
2026-06-23 15:29:56.051318 Output:  C:\Users\hp5cd\OneDrive\Desktop\SPRINT-CAPGE\reports\pabot_results\16\output.xml
