==============================================================================
Tests
==============================================================================
Tests.Ui
==============================================================================
Tests.Ui.TC-AC-UI-01
==============================================================================
TC-AC-UI-01 Create New Account with Valid Data :: Create New Accou... Open_Account
Account Opened Successfully
| PASS |
------------------------------------------------------------------------------
Tests.Ui.TC-AC-UI-01                                                  | PASS |
1 test, 1 passed, 0 failed
==============================================================================
Tests.Ui                                                              | PASS |
1 test, 1 passed, 0 failed
==============================================================================
Tests                                                                 | PASS |
1 test, 1 passed, 0 failed
==============================================================================
Output:  C:\Users\hp5cd\OneDrive\Desktop\SPRINT-CAPGE\reports\pabot_results\16\output.xml
