2026-06-22 19:44:42.631185 ==============================================================================
2026-06-22 19:44:42.634095 Tests
2026-06-22 19:44:42.634134 ==============================================================================
2026-06-22 19:44:42.634165 Tests.Api
2026-06-22 19:44:42.635638 ==============================================================================
2026-06-22 19:44:43.380749 Tests.Api.TC API 03
2026-06-22 19:44:43.408792 ==============================================================================
2026-06-22 19:44:45.255079 C:\Users\hp5cd\AppData\Local\Programs\Python\Python313\Lib\site-packages\urllib3\connectionpool.py:1097: InsecureRequestWarning: Unverified HTTPS request is being made to host 'parabank.parasoft.com'. Adding certificate verification is strongly advised. See: https://urllib3.readthedocs.io/en/latest/advanced-usage.html#tls-warnings
2026-06-22 19:44:45.317204 TC_API_03 Validate account details :: Validate account details and... {'id': 13344, 'customerId': 12212, 'type': 'CHECKING', 'balance': 3522.93}
2026-06-22 19:44:45.317204   warnings.warn(
2026-06-22 19:44:45.321189 | PASS |
2026-06-22 19:44:45.321660 ------------------------------------------------------------------------------
2026-06-22 19:44:45.321849 Tests.Api.TC API 03                                                   | PASS |
2026-06-22 19:44:45.323933 1 test, 1 passed, 0 failed
2026-06-22 19:44:45.323950 ==============================================================================
2026-06-22 19:44:45.323961 Tests.Api                                                             | PASS |
2026-06-22 19:44:45.324354 1 test, 1 passed, 0 failed
2026-06-22 19:44:45.324409 ==============================================================================
2026-06-22 19:44:45.324425 Tests                                                                 | PASS |
2026-06-22 19:44:45.324742 1 test, 1 passed, 0 failed
2026-06-22 19:44:45.324764 ==============================================================================
2026-06-22 19:44:45.324775 Output:  C:\Users\hp5cd\OneDrive\Desktop\SPRINT-CAPGE\reports\pabot_results\2\output.xml
