2026-06-22 19:45:34.615078 ==============================================================================
2026-06-22 19:45:34.629319 Tests
2026-06-22 19:45:34.629395 ==============================================================================
2026-06-22 19:45:34.629453 Tests.Ui
2026-06-22 19:45:34.631458 ==============================================================================
2026-06-22 19:45:35.749510 Tests.Ui.TC-AC-UI-01
2026-06-22 19:45:35.790772 ==============================================================================
2026-06-22 19:45:44.103996 TC-AC-UI-02 :: Create New Account with Valid Data                     Open_Account
2026-06-22 19:45:45.915622 Account Opened Successfully
2026-06-22 19:45:48.043246 | PASS |
2026-06-22 19:45:48.104745 ------------------------------------------------------------------------------
2026-06-22 19:45:48.104786 Tests.Ui.TC-AC-UI-01                                                  | PASS |
2026-06-22 19:45:48.105124 1 test, 1 passed, 0 failed
2026-06-22 19:45:48.105151 ==============================================================================
2026-06-22 19:45:48.105168 Tests.Ui                                                              | PASS |
2026-06-22 19:45:48.105182 1 test, 1 passed, 0 failed
2026-06-22 19:45:48.105198 ==============================================================================
2026-06-22 19:45:48.105249 Tests                                                                 | PASS |
2026-06-22 19:45:48.105270 1 test, 1 passed, 0 failed
2026-06-22 19:45:48.105285 ==============================================================================
2026-06-22 19:45:48.105299 Output:  C:\Users\hp5cd\OneDrive\Desktop\SPRINT-CAPGE\reports\pabot_results\17\output.xml
