2026-06-22 19:45:43.138164 ==============================================================================
2026-06-22 19:45:43.152851 Tests
2026-06-22 19:45:43.152901 ==============================================================================
2026-06-22 19:45:43.152938 Tests.Ui
2026-06-22 19:45:43.155181 ==============================================================================
2026-06-22 19:45:44.150308 Tests.Ui.TC-AC-UI-03
2026-06-22 19:45:44.179071 ==============================================================================
2026-06-22 19:45:57.303024 TC-AC-UI-03 :: Create Multiple Accounts for Same User                 Saving account created successfully
2026-06-22 19:45:58.761664 Open_Account
2026-06-22 19:46:00.233542 Checking Account Opened Successfully
2026-06-22 19:46:02.976066 | PASS |
2026-06-22 19:46:03.025559 ------------------------------------------------------------------------------
2026-06-22 19:46:03.025795 Tests.Ui.TC-AC-UI-03                                                  | PASS |
2026-06-22 19:46:03.031209 1 test, 1 passed, 0 failed
2026-06-22 19:46:03.031246 ==============================================================================
2026-06-22 19:46:03.031267 Tests.Ui                                                              | PASS |
2026-06-22 19:46:03.031764 1 test, 1 passed, 0 failed
2026-06-22 19:46:03.031836 ==============================================================================
2026-06-22 19:46:03.031858 Tests                                                                 | PASS |
2026-06-22 19:46:03.032195 1 test, 1 passed, 0 failed
2026-06-22 19:46:03.032258 ==============================================================================
2026-06-22 19:46:03.032278 Output:  C:\Users\hp5cd\OneDrive\Desktop\SPRINT-CAPGE\reports\pabot_results\19\output.xml
