==============================================================================
Tests
==============================================================================
Tests.Ui
==============================================================================
Tests.Ui.TC-AC-UI-03
==============================================================================
TC-AC-UI-03 :: Create Multiple Accounts for Same User                 Saving account created successfully
Open_Account
Checking Account Opened Successfully
| PASS |
------------------------------------------------------------------------------
Tests.Ui.TC-AC-UI-03                                                  | PASS |
1 test, 1 passed, 0 failed
==============================================================================
Tests.Ui                                                              | PASS |
1 test, 1 passed, 0 failed
==============================================================================
Tests                                                                 | PASS |
1 test, 1 passed, 0 failed
==============================================================================
Output:  C:\Users\hp5cd\OneDrive\Desktop\SPRINT-CAPGE\reports\pabot_results\19\output.xml
