2026-06-22 19:45:31.118774 ==============================================================================
2026-06-22 19:45:31.129814 Tests
2026-06-22 19:45:31.129851 ==============================================================================
2026-06-22 19:45:31.129874 Tests.Ui
2026-06-22 19:45:31.131115 ==============================================================================
2026-06-22 19:45:31.814349 Tests.Ui.TC NEG TF UI-05
2026-06-22 19:45:31.828129 ==============================================================================
2026-06-22 19:45:41.531596 TC_NEG_TF_UI-05 :: Verify UI Error Message for Transfer Amount Exc... Account ID = 18228
2026-06-22 19:45:44.303685 Account ID = 18339
2026-06-22 19:45:47.886157 | PASS |
2026-06-22 19:45:47.921771 ------------------------------------------------------------------------------
2026-06-22 19:45:47.921820 Tests.Ui.TC NEG TF UI-05                                              | PASS |
2026-06-22 19:45:47.928608 1 test, 1 passed, 0 failed
2026-06-22 19:45:47.928644 ==============================================================================
2026-06-22 19:45:47.928667 Tests.Ui                                                              | PASS |
2026-06-22 19:45:47.929231 1 test, 1 passed, 0 failed
2026-06-22 19:45:47.929310 ==============================================================================
2026-06-22 19:45:47.929336 Tests                                                                 | PASS |
2026-06-22 19:45:47.929919 1 test, 1 passed, 0 failed
2026-06-22 19:45:47.929993 ==============================================================================
2026-06-22 19:45:47.930018 Output:  C:\Users\hp5cd\OneDrive\Desktop\SPRINT-CAPGE\reports\pabot_results\15\output.xml
