==============================================================================
Tests
==============================================================================
Tests.Ui
==============================================================================
Tests.Ui.TC NEG TF UI-05
==============================================================================
TC_NEG_TF_UI-05 :: Verify UI Error Message for Transfer Amount Exc... Account ID = 18228
Account ID = 18339
| PASS |
------------------------------------------------------------------------------
Tests.Ui.TC NEG TF UI-05                                              | PASS |
1 test, 1 passed, 0 failed
==============================================================================
Tests.Ui                                                              | PASS |
1 test, 1 passed, 0 failed
==============================================================================
Tests                                                                 | PASS |
1 test, 1 passed, 0 failed
==============================================================================
Output:  C:\Users\hp5cd\OneDrive\Desktop\SPRINT-CAPGE\reports\pabot_results\15\output.xml
