2026-06-22 19:44:45.426270 ==============================================================================
2026-06-22 19:44:45.486793 Tests
2026-06-22 19:44:45.486835 ==============================================================================
2026-06-22 19:44:45.486862 Tests.Api
2026-06-22 19:44:45.488040 ==============================================================================
2026-06-22 19:44:46.034299 Tests.Api.TC NEG API 07
2026-06-22 19:44:46.065349 ==============================================================================
2026-06-22 19:44:47.010509 TC_NEG_API_07 Login API with Invalid Credentials :: Call login API... Response status: 400
2026-06-22 19:44:47.010509 C:\Users\hp5cd\AppData\Local\Programs\Python\Python313\Lib\site-packages\urllib3\connectionpool.py:1097: InsecureRequestWarning: Unverified HTTPS request is being made to host 'parabank.parasoft.com'. Adding certificate verification is strongly advised. See: https://urllib3.readthedocs.io/en/latest/advanced-usage.html#tls-warnings
2026-06-22 19:44:47.045041 | PASS |
2026-06-22 19:44:47.045041   warnings.warn(
2026-06-22 19:44:47.048095 ------------------------------------------------------------------------------
2026-06-22 19:44:47.048141 Tests.Api.TC NEG API 07                                               | PASS |
2026-06-22 19:44:47.051538 1 test, 1 passed, 0 failed
2026-06-22 19:44:47.051593 ==============================================================================
2026-06-22 19:44:47.051612 Tests.Api                                                             | PASS |
2026-06-22 19:44:47.052590 1 test, 1 passed, 0 failed
2026-06-22 19:44:47.052610 ==============================================================================
2026-06-22 19:44:47.052626 Tests                                                                 | PASS |
2026-06-22 19:44:47.053123 1 test, 1 passed, 0 failed
2026-06-22 19:44:47.053206 ==============================================================================
2026-06-22 19:44:47.053227 Output:  C:\Users\hp5cd\OneDrive\Desktop\SPRINT-CAPGE\reports\pabot_results\6\output.xml
