==============================================================================
Tests
==============================================================================
Tests.Api
==============================================================================
Tests.Api.TC NEG API 07
==============================================================================
TC_NEG_API_07 Login API with Invalid Credentials :: Call login API... Response status: 400
| PASS |
------------------------------------------------------------------------------
Tests.Api.TC NEG API 07                                               | PASS |
1 test, 1 passed, 0 failed
==============================================================================
Tests.Api                                                             | PASS |
1 test, 1 passed, 0 failed
==============================================================================
Tests                                                                 | PASS |
1 test, 1 passed, 0 failed
==============================================================================
Output:  C:\Users\hp5cd\OneDrive\Desktop\SPRINT-CAPGE\reports\pabot_results\6\output.xml
