2026-06-23 15:28:15.113403 ==============================================================================
2026-06-23 15:28:15.137441 Tests
2026-06-23 15:28:15.137488 ==============================================================================
2026-06-23 15:28:15.137580 Tests.Ui
2026-06-23 15:28:15.140318 ==============================================================================
2026-06-23 15:28:16.494171 Tests.Ui.TC NEG TF UI-01
2026-06-23 15:28:16.523146 ==============================================================================
2026-06-23 15:28:36.275366 TC_NEG_TF_UI-01 :: Verify UI Validation for Negative Amount in Tra... Account ID = 22002
2026-06-23 15:28:39.523413 Account ID = 22113
2026-06-23 15:28:54.889063 | FAIL |
2026-06-23 15:28:54.905494 Text 'Transfer Complete!' did not disappear in 10 seconds.
2026-06-23 15:28:54.905532 ------------------------------------------------------------------------------
2026-06-23 15:28:54.905832 Tests.Ui.TC NEG TF UI-01                                              | FAIL |
2026-06-23 15:28:54.906310 1 test, 0 passed, 1 failed
2026-06-23 15:28:54.906413 ==============================================================================
2026-06-23 15:28:54.906432 Tests.Ui                                                              | FAIL |
2026-06-23 15:28:54.906944 1 test, 0 passed, 1 failed
2026-06-23 15:28:54.906958 ==============================================================================
2026-06-23 15:28:54.906968 Tests                                                                 | FAIL |
2026-06-23 15:28:54.907303 1 test, 0 passed, 1 failed
2026-06-23 15:28:54.907366 ==============================================================================
2026-06-23 15:28:54.907377 Output:  C:\Users\hp5cd\OneDrive\Desktop\SPRINT-CAPGE\reports\pabot_results\11\output.xml
