==============================================================================
Tests
==============================================================================
Tests.Ui
==============================================================================
Tests.Ui.TC NEG TF UI-01
==============================================================================
TC_NEG_TF_UI-01 :: Verify UI Validation for Negative Amount in Tra... Account ID = 22002
Account ID = 22113
| FAIL |
Text 'Transfer Complete!' did not disappear in 10 seconds.
------------------------------------------------------------------------------
Tests.Ui.TC NEG TF UI-01                                              | FAIL |
1 test, 0 passed, 1 failed
==============================================================================
Tests.Ui                                                              | FAIL |
1 test, 0 passed, 1 failed
==============================================================================
Tests                                                                 | FAIL |
1 test, 0 passed, 1 failed
==============================================================================
Output:  C:\Users\hp5cd\OneDrive\Desktop\SPRINT-CAPGE\reports\pabot_results\11\output.xml
