==============================================================================
Tests
==============================================================================
Tests.Ui
==============================================================================
Tests.Ui.TC NEG TF UI-02
==============================================================================
TC_NEG_TF_UI-03 :: Verify UI Validation for Blank Amount in Transf... Account ID = 22446
Account ID = 23001
| PASS |
------------------------------------------------------------------------------
Tests.Ui.TC NEG TF UI-02                                              | PASS |
1 test, 1 passed, 0 failed
==============================================================================
Tests.Ui                                                              | PASS |
1 test, 1 passed, 0 failed
==============================================================================
Tests                                                                 | PASS |
1 test, 1 passed, 0 failed
==============================================================================
Output:  C:\Users\hp5cd\OneDrive\Desktop\SPRINT-CAPGE\reports\pabot_results\12\output.xml
