2026-06-23 15:28:46.177142 ==============================================================================
2026-06-23 15:28:46.187820 Tests
2026-06-23 15:28:46.187859 ==============================================================================
2026-06-23 15:28:46.187886 Tests.Ui
2026-06-23 15:28:46.188998 ==============================================================================
2026-06-23 15:28:46.995580 Tests.Ui.TC NEG TF UI-02
2026-06-23 15:28:47.009436 ==============================================================================
2026-06-23 15:29:09.276575 TC_NEG_TF_UI-03 :: Verify UI Validation for Blank Amount in Transf... Account ID = 22446
2026-06-23 15:29:14.799137 Account ID = 23001
2026-06-23 15:29:20.882057 | PASS |
2026-06-23 15:29:20.914047 ------------------------------------------------------------------------------
2026-06-23 15:29:20.914090 Tests.Ui.TC NEG TF UI-02                                              | PASS |
2026-06-23 15:29:20.915565 1 test, 1 passed, 0 failed
2026-06-23 15:29:20.915588 ==============================================================================
2026-06-23 15:29:20.915600 Tests.Ui                                                              | PASS |
2026-06-23 15:29:20.915930 1 test, 1 passed, 0 failed
2026-06-23 15:29:20.916000 ==============================================================================
2026-06-23 15:29:20.916023 Tests                                                                 | PASS |
2026-06-23 15:29:20.916487 1 test, 1 passed, 0 failed
2026-06-23 15:29:20.916584 ==============================================================================
2026-06-23 15:29:20.916609 Output:  C:\Users\hp5cd\OneDrive\Desktop\SPRINT-CAPGE\reports\pabot_results\12\output.xml
