2026-06-22 19:44:45.191303 ==============================================================================
2026-06-22 19:44:45.194815 Tests
2026-06-22 19:44:45.194848 ==============================================================================
2026-06-22 19:44:45.194870 Tests.Api
2026-06-22 19:44:45.196190 ==============================================================================
2026-06-22 19:44:45.753133 Tests.Api.TC NEG API 06
2026-06-22 19:44:45.776776 ==============================================================================
2026-06-22 19:44:46.790119 TC_NEG_API_06 Invalid Account ID via API :: Call GET /accounts/000... Response status: 400
2026-06-22 19:44:46.790119 C:\Users\hp5cd\AppData\Local\Programs\Python\Python313\Lib\site-packages\urllib3\connectionpool.py:1097: InsecureRequestWarning: Unverified HTTPS request is being made to host 'parabank.parasoft.com'. Adding certificate verification is strongly advised. See: https://urllib3.readthedocs.io/en/latest/advanced-usage.html#tls-warnings
2026-06-22 19:44:46.820416 | PASS |
2026-06-22 19:44:46.820416   warnings.warn(
2026-06-22 19:44:46.822409 ------------------------------------------------------------------------------
2026-06-22 19:44:46.822438 Tests.Api.TC NEG API 06                                               | PASS |
2026-06-22 19:44:46.825610 1 test, 1 passed, 0 failed
2026-06-22 19:44:46.825633 ==============================================================================
2026-06-22 19:44:46.825644 Tests.Api                                                             | PASS |
2026-06-22 19:44:46.826145 1 test, 1 passed, 0 failed
2026-06-22 19:44:46.826176 ==============================================================================
2026-06-22 19:44:46.826190 Tests                                                                 | PASS |
2026-06-22 19:44:46.826428 1 test, 1 passed, 0 failed
2026-06-22 19:44:46.826451 ==============================================================================
2026-06-22 19:44:46.826463 Output:  C:\Users\hp5cd\OneDrive\Desktop\SPRINT-CAPGE\reports\pabot_results\5\output.xml
