==============================================================================
Tests
==============================================================================
Tests.Api
==============================================================================
Tests.Api.TC NEG API 06
==============================================================================
TC_NEG_API_06 Invalid Account ID via API :: Call GET /accounts/000... Response status: 400
| PASS |
------------------------------------------------------------------------------
Tests.Api.TC NEG API 06                                               | PASS |
1 test, 1 passed, 0 failed
==============================================================================
Tests.Api                                                             | PASS |
1 test, 1 passed, 0 failed
==============================================================================
Tests                                                                 | PASS |
1 test, 1 passed, 0 failed
==============================================================================
Output:  C:\Users\hp5cd\OneDrive\Desktop\SPRINT-CAPGE\reports\pabot_results\5\output.xml
