2026-06-23 15:27:51.334766 ==============================================================================
2026-06-23 15:27:51.368354 Tests
2026-06-23 15:27:51.368409 ==============================================================================
2026-06-23 15:27:51.368440 Tests.E2E
2026-06-23 15:27:51.372574 ==============================================================================
2026-06-23 15:27:54.271525 Tests.E2E.TC E2E 02
2026-06-23 15:27:54.326587 ==============================================================================
2026-06-23 15:29:07.981011 TC_E2E_02 Create Checking Account and Verify Customer Accounts via... Current URL: https://parabank.parasoft.com/parabank/index.htm
2026-06-23 15:29:27.754489 | FAIL |
2026-06-23 15:29:27.805214 Text 'Your account was created successfully. You are now logged in.' did not appear in 10 seconds.
2026-06-23 15:29:27.805430 ------------------------------------------------------------------------------
2026-06-23 15:29:27.805457 Tests.E2E.TC E2E 02                                                   | FAIL |
2026-06-23 15:29:27.809206 1 test, 0 passed, 1 failed
2026-06-23 15:29:27.809228 ==============================================================================
2026-06-23 15:29:27.809304 Tests.E2E                                                             | FAIL |
2026-06-23 15:29:27.810929 1 test, 0 passed, 1 failed
2026-06-23 15:29:27.810957 ==============================================================================
2026-06-23 15:29:27.811027 Tests                                                                 | FAIL |
2026-06-23 15:29:27.811757 1 test, 0 passed, 1 failed
2026-06-23 15:29:27.811790 ==============================================================================
2026-06-23 15:29:27.811810 Output:  C:\Users\hp5cd\OneDrive\Desktop\SPRINT-CAPGE\reports\pabot_results\8\output.xml
