==============================================================================
Tests
==============================================================================
Tests.E2E
==============================================================================
Tests.E2E.TC E2E 02
==============================================================================
TC_E2E_02 Create Checking Account and Verify Customer Accounts via... Current URL: https://parabank.parasoft.com/parabank/index.htm
User registered successfully: Harsh192199
Account ID = 17007
| PASS |
------------------------------------------------------------------------------
Tests.E2E.TC E2E 02                                                   | PASS |
1 test, 1 passed, 0 failed
==============================================================================
Tests.E2E                                                             | PASS |
1 test, 1 passed, 0 failed
==============================================================================
Tests                                                                 | PASS |
1 test, 1 passed, 0 failed
==============================================================================
Output:  C:\Users\hp5cd\OneDrive\Desktop\SPRINT-CAPGE\reports\pabot_results\8\output.xml
