2026-06-23 15:30:03.881439 ==============================================================================
2026-06-23 15:30:03.892250 Tests
2026-06-23 15:30:03.892340 ==============================================================================
2026-06-23 15:30:03.892412 Tests.Ui
2026-06-23 15:30:03.895058 ==============================================================================
2026-06-23 15:30:05.383305 Tests.Ui.TC-REG-UI-01
2026-06-23 15:30:05.432497 ==============================================================================
2026-06-23 15:30:13.712861 TC-REG-01 Register User with Valid Details :: Test user registrati... Current URL: https://parabank.parasoft.com/parabank/index.htm;jsessionid=B9240C739F5E787291317B4AE4C1E22B
2026-06-23 15:30:18.389709 User registered successfully: Harsh488963
2026-06-23 15:30:18.425334 Successfully Registered User with Valid Details
2026-06-23 15:30:20.633127 | PASS |
2026-06-23 15:30:20.643902 ------------------------------------------------------------------------------
2026-06-23 15:30:20.643943 Tests.Ui.TC-REG-UI-01                                                 | PASS |
2026-06-23 15:30:20.646723 1 test, 1 passed, 0 failed
2026-06-23 15:30:20.646791 ==============================================================================
2026-06-23 15:30:20.646869 Tests.Ui                                                              | PASS |
2026-06-23 15:30:20.646888 1 test, 1 passed, 0 failed
2026-06-23 15:30:20.646906 ==============================================================================
2026-06-23 15:30:20.646921 Tests                                                                 | PASS |
2026-06-23 15:30:20.646934 1 test, 1 passed, 0 failed
2026-06-23 15:30:20.646948 ==============================================================================
2026-06-23 15:30:20.646962 Output:  C:\Users\hp5cd\OneDrive\Desktop\SPRINT-CAPGE\reports\pabot_results\20\output.xml
