==============================================================================
Tests
==============================================================================
Tests.Ui
==============================================================================
Tests.Ui.TC-REG-UI-01
==============================================================================
TC-REG-01 Register User with Valid Details :: Test user registrati... Current URL: https://parabank.parasoft.com/parabank/index.htm;jsessionid=B9240C739F5E787291317B4AE4C1E22B
User registered successfully: Harsh488963
Successfully Registered User with Valid Details
| PASS |
------------------------------------------------------------------------------
Tests.Ui.TC-REG-UI-01                                                 | PASS |
1 test, 1 passed, 0 failed
==============================================================================
Tests.Ui                                                              | PASS |
1 test, 1 passed, 0 failed
==============================================================================
Tests                                                                 | PASS |
1 test, 1 passed, 0 failed
==============================================================================
Output:  C:\Users\hp5cd\OneDrive\Desktop\SPRINT-CAPGE\reports\pabot_results\20\output.xml
