2026-06-23 15:27:42.049865 ==============================================================================
2026-06-23 15:27:42.054663 Tests
2026-06-23 15:27:42.054702 ==============================================================================
2026-06-23 15:27:42.054736 Tests.Api
2026-06-23 15:27:42.056325 ==============================================================================
2026-06-23 15:27:43.301138 Tests.Api.TC API 02
2026-06-23 15:27:43.328216 ==============================================================================
2026-06-23 15:27:45.630785 TC_API_02 verify newly created account :: Verify newly created acc... [{'id': 13344, 'customerId': 12212, 'type': 'CHECKING', 'balance': 522.93}, {'id': 13677, 'customerId': 12212, 'type': 'CHECKING', 'balance': 100.0}, {'id': 13788, 'customerId': 12212, 'type': 'CHECKING', 'balance': 0.0}, {'id': 13899, 'customerId': 12212, 'type': 'SAVINGS', 'balance': 200.0}, {'id': 14010, 'customerId': 12212, 'type': 'SAVINGS', 'balance': 200.0}, {'id': 14121, 'customerId': 12212, 'type': 'CHECKING', 'balance': 100.0}, {'id': 14232, 'customerId': 12212, 'type': 'SAVINGS', 'balance': 100.0}, {'id': 14343, 'customerId': 12212, 'type': 'SAVINGS', 'balance': 100.0}, {'id': 14454, 'customerId': 12212, 'type': 'CHECKING', 'balance': 0.0}, {'id': 14565, 'customerId': 12212, 'type': 'SAVINGS', 'balance': 200.0}, {'id': 14898, 'customerId': 12212, 'type': 'SAVINGS', 'balance': 100.0}, {'id': 15564, 'customerId': 12212, 'type': 'CHECKING', 'balance': 100.0}, {'id': 15675, 'customerId': 12212, 'type': 'SAVINGS', 'balance': 100.0}, {'id': 15786, 'customerId': 12212, 'type': 'CHECKING', 'balance': 200.0}, {'id': 15897, 'customerId': 12212, 'type': 'SAVINGS', 'balance': 0.0}, {'id': 16008, 'customerId': 12212, 'type': 'CHECKING', 'balance': 100.0}, {'id': 16230, 'customerId': 12212, 'type': 'SAVINGS', 'balance': 100.0}, {'id': 16341, 'customerId': 12212, 'type': 'CHECKING', 'balance': 0.0}, {'id': 16452, 'customerId': 12212, 'type': 'SAVINGS', 'balance': 200.0}, {'id': 16563, 'customerId': 12212, 'type': 'CHECKING', 'balance': 100.0}, {'id': 16674, 'customerId': 12212, 'type': 'SAVINGS', 'balance': 100.0}, {'id': 16785, 'customerId': 12212, 'type': 'CHECKING', 'balance': -9999900.0}, {'id': 16896, 'customerId': 12212, 'type': 'SAVINGS', 'balance': 100.0}, {'id': 17007, 'customerId': 12212, 'type': 'SAVINGS', 'balance': 10000100.0}, {'id': 17229, 'customerId': 12212, 'type': 'CHECKING', 'balance': 200.0}, {'id': 17340, 'customerId': 12212, 'type': 'SAVINGS', 'balance': 0.0}, {'id': 17562, 'customerId': 12212, 'type': 'CHECKING', 'balance': 0.0}, {'id': 17673, 'customerId': 12212, 'type': 'SAVINGS', 'balance': 100.0}, {'id': 17784, 'customerId': 12212, 'type': 'SAVINGS', 'balance': 200.0}, {'id': 17895, 'customerId': 12212, 'type': 'CHECKING', 'balance': 100.0}, {'id': 18228, 'customerId': 12212, 'type': 'SAVINGS', 'balance': 100.0}, {'id': 18339, 'customerId': 12212, 'type': 'CHECKING', 'balance': 100.0}, {'id': 18450, 'customerId': 12212, 'type': 'SAVINGS', 'balance': 100.0}, {'id': 18561, 'customerId': 12212, 'type': 'CHECKING', 'balance': 100.0}, {'id': 18783, 'customerId': 12212, 'type': 'SAVINGS', 'balance': 100.0}, {'id': 19227, 'customerId': 12212, 'type': 'CHECKING', 'balance': 50.0}, {'id': 19338, 'customerId': 12212, 'type': 'SAVINGS', 'balance': 150.0}, {'id': 19449, 'customerId': 12212, 'type': 'SAVINGS', 'balance': 100.0}, {'id': 19560, 'customerId': 12212, 'type': 'CHECKING', 'balance': 0.0}, {'id': 19671, 'customerId': 12212, 'type': 'SAVINGS', 'balance': 200.0}, {'id': 20004, 'customerId': 12212, 'type': 'CHECKING', 'balance': 100.0}, {'id': 20115, 'customerId': 12212, 'type': 'CHECKING', 'balance': 0.0}, {'id': 20226, 'customerId': 12212, 'type': 'SAVINGS', 'balance': 200.0}, {'id': 20448, 'customerId': 12212, 'type': 'CHECKING', 'balance': 200.0}, {'id': 20559, 'customerId': 12212, 'type': 'SAVINGS', 'balance': 0.0}]
2026-06-23 15:27:45.630785 C:\Users\hp5cd\AppData\Local\Programs\Python\Python313\Lib\site-packages\urllib3\connectionpool.py:1097: InsecureRequestWarning: Unverified HTTPS request is being made to host 'parabank.parasoft.com'. Adding certificate verification is strongly advised. See: https://urllib3.readthedocs.io/en/latest/advanced-usage.html#tls-warnings
2026-06-23 15:27:45.655830 200
2026-06-23 15:27:45.655830   warnings.warn(
2026-06-23 15:27:45.656195 | PASS |
2026-06-23 15:27:45.656449 ------------------------------------------------------------------------------
2026-06-23 15:27:45.656471 Tests.Api.TC API 02                                                   | PASS |
2026-06-23 15:27:45.657139 1 test, 1 passed, 0 failed
2026-06-23 15:27:45.657165 ==============================================================================
2026-06-23 15:27:45.657259 Tests.Api                                                             | PASS |
2026-06-23 15:27:45.657608 1 test, 1 passed, 0 failed
2026-06-23 15:27:45.657712 ==============================================================================
2026-06-23 15:27:45.657734 Tests                                                                 | PASS |
2026-06-23 15:27:45.657885 1 test, 1 passed, 0 failed
2026-06-23 15:27:45.657900 ==============================================================================
2026-06-23 15:27:45.657911 Output:  C:\Users\hp5cd\OneDrive\Desktop\SPRINT-CAPGE\reports\pabot_results\1\output.xml
