2026-06-22 19:45:53.488313 ==============================================================================
2026-06-22 19:45:53.521741 Tests
2026-06-22 19:45:53.521779 ==============================================================================
2026-06-22 19:45:53.521801 Tests.Ui
2026-06-22 19:45:53.523615 ==============================================================================
2026-06-22 19:45:54.201326 Tests.Ui.TC-TF-UI-01
2026-06-22 19:45:54.203639 ==============================================================================
2026-06-22 19:46:03.525107 TC-TF-01 :: Transfer Funds Between Two Accounts                       Account ID = 19227
2026-06-22 19:46:07.987989 Account ID = 19338
2026-06-22 19:46:13.494082 | PASS |
2026-06-22 19:46:13.496223 ------------------------------------------------------------------------------
2026-06-22 19:46:13.496254 Tests.Ui.TC-TF-UI-01                                                  | PASS |
2026-06-22 19:46:13.500411 1 test, 1 passed, 0 failed
2026-06-22 19:46:13.500438 ==============================================================================
2026-06-22 19:46:13.500453 Tests.Ui                                                              | PASS |
2026-06-22 19:46:13.500635 1 test, 1 passed, 0 failed
2026-06-22 19:46:13.500654 ==============================================================================
2026-06-22 19:46:13.500668 Tests                                                                 | PASS |
2026-06-22 19:46:13.500968 1 test, 1 passed, 0 failed
2026-06-22 19:46:13.500984 ==============================================================================
2026-06-22 19:46:13.500995 Output:  C:\Users\hp5cd\OneDrive\Desktop\SPRINT-CAPGE\reports\pabot_results\22\output.xml
